{"/home/travis/build/npmtest/node-npmtest-homebridge-http/test.js":{"path":"/home/travis/build/npmtest/node-npmtest-homebridge-http/test.js","s":{"1":2,"2":2,"3":2,"4":2,"5":2,"6":2,"7":2,"8":1,"9":2,"10":2,"11":1,"12":1,"13":1,"14":1,"15":2,"16":2,"17":2,"18":2,"19":1,"20":1,"21":2,"22":2,"23":2,"24":1,"25":1,"26":1,"27":1,"28":1,"29":1,"30":1,"31":1,"32":1,"33":1,"34":1,"35":1,"36":1,"37":2,"38":2,"39":1,"40":2,"41":2,"42":1,"43":2,"44":2,"45":1,"46":2,"47":2,"48":1,"49":1,"50":1,"51":1,"52":1},"b":{"1":[2,1,1,1],"2":[1,1,1,1],"3":[1,1],"4":[1,1],"5":[1,1],"6":[1,1],"7":[1,1],"8":[1,1],"9":[1,1,1],"10":[1,1],"11":[1,1],"12":[1,1],"13":[1,1],"14":[1,1],"15":[1,1],"16":[1,1]},"f":{"1":2,"2":2,"3":2,"4":2,"5":2,"6":1,"7":1,"8":2,"9":2,"10":2,"11":2,"12":1},"fnMap":{"1":{"name":"(anonymous_1)","line":12,"loc":{"start":{"line":12,"column":1},"end":{"line":12,"column":13}}},"2":{"name":"(anonymous_2)","line":19,"loc":{"start":{"line":19,"column":5},"end":{"line":19,"column":17}}},"3":{"name":"(anonymous_3)","line":23,"loc":{"start":{"line":23,"column":24},"end":{"line":23,"column":36}}},"4":{"name":"(anonymous_4)","line":61,"loc":{"start":{"line":61,"column":5},"end":{"line":61,"column":17}}},"5":{"name":"(anonymous_5)","line":82,"loc":{"start":{"line":82,"column":5},"end":{"line":82,"column":17}}},"6":{"name":"(anonymous_6)","line":102,"loc":{"start":{"line":102,"column":83},"end":{"line":105,"column":10}},"skip":true},"7":{"name":"(anonymous_7)","line":113,"loc":{"start":{"line":113,"column":77},"end":{"line":116,"column":10}},"skip":true},"8":{"name":"(anonymous_8)","line":129,"loc":{"start":{"line":129,"column":12},"end":{"line":129,"column":40}},"skip":true},"9":{"name":"(anonymous_9)","line":137,"loc":{"start":{"line":137,"column":77},"end":{"line":140,"column":10}},"skip":true},"10":{"name":"(anonymous_10)","line":148,"loc":{"start":{"line":148,"column":83},"end":{"line":151,"column":10}},"skip":true},"11":{"name":"(anonymous_11)","line":159,"loc":{"start":{"line":159,"column":79},"end":{"line":162,"column":10}},"skip":true},"12":{"name":"(anonymous_12)","line":170,"loc":{"start":{"line":170,"column":75},"end":{"line":173,"column":10}},"skip":true}},"statementMap":{"1":{"start":{"line":12,"column":0},"end":{"line":185,"column":5}},"2":{"start":{"line":14,"column":4},"end":{"line":14,"column":14}},"3":{"start":{"line":19,"column":4},"end":{"line":56,"column":9}},"4":{"start":{"line":21,"column":8},"end":{"line":21,"column":19}},"5":{"start":{"line":23,"column":8},"end":{"line":35,"column":13}},"6":{"start":{"line":24,"column":12},"end":{"line":34,"column":13}},"7":{"start":{"line":25,"column":16},"end":{"line":28,"column":30}},"8":{"start":{"line":30,"column":16},"end":{"line":33,"column":27}},"9":{"start":{"line":37,"column":8},"end":{"line":39,"column":21}},"10":{"start":{"line":40,"column":8},"end":{"line":53,"column":9}},"11":{"start":{"line":43,"column":12},"end":{"line":46,"column":14}},"12":{"start":{"line":47,"column":12},"end":{"line":47,"column":18}},"13":{"start":{"line":50,"column":12},"end":{"line":51,"column":46}},"14":{"start":{"line":52,"column":12},"end":{"line":52,"column":18}},"15":{"start":{"line":55,"column":8},"end":{"line":55,"column":35}},"16":{"start":{"line":61,"column":4},"end":{"line":63,"column":9}},"17":{"start":{"line":62,"column":8},"end":{"line":62,"column":15}},"18":{"start":{"line":64,"column":4},"end":{"line":77,"column":5}},"19":{"start":{"line":70,"column":8},"end":{"line":70,"column":14}},"20":{"start":{"line":76,"column":8},"end":{"line":76,"column":14}},"21":{"start":{"line":82,"column":4},"end":{"line":84,"column":9}},"22":{"start":{"line":83,"column":8},"end":{"line":83,"column":15}},"23":{"start":{"line":85,"column":4},"end":{"line":184,"column":5}},"24":{"start":{"line":92,"column":8},"end":{"line":94,"column":63}},"25":{"start":{"line":95,"column":8},"end":{"line":95,"column":14}},"26":{"start":{"line":102,"column":8},"end":{"line":111,"column":10},"skip":true},"27":{"start":{"line":109,"column":12},"end":{"line":109,"column":55},"skip":true},"28":{"start":{"line":110,"column":12},"end":{"line":110,"column":48},"skip":true},"29":{"start":{"line":113,"column":8},"end":{"line":126,"column":10},"skip":true},"30":{"start":{"line":120,"column":12},"end":{"line":120,"column":76},"skip":true},"31":{"start":{"line":121,"column":12},"end":{"line":121,"column":73},"skip":true},"32":{"start":{"line":122,"column":12},"end":{"line":122,"column":74},"skip":true},"33":{"start":{"line":123,"column":12},"end":{"line":123,"column":79},"skip":true},"34":{"start":{"line":124,"column":12},"end":{"line":124,"column":25},"skip":true},"35":{"start":{"line":125,"column":12},"end":{"line":125,"column":45},"skip":true},"36":{"start":{"line":128,"column":8},"end":{"line":135,"column":14},"skip":true},"37":{"start":{"line":133,"column":16},"end":{"line":133,"column":29},"skip":true},"38":{"start":{"line":134,"column":16},"end":{"line":134,"column":55},"skip":true},"39":{"start":{"line":137,"column":8},"end":{"line":146,"column":10},"skip":true},"40":{"start":{"line":144,"column":12},"end":{"line":144,"column":25},"skip":true},"41":{"start":{"line":145,"column":12},"end":{"line":145,"column":45},"skip":true},"42":{"start":{"line":148,"column":8},"end":{"line":157,"column":10},"skip":true},"43":{"start":{"line":155,"column":12},"end":{"line":155,"column":25},"skip":true},"44":{"start":{"line":156,"column":12},"end":{"line":156,"column":48},"skip":true},"45":{"start":{"line":159,"column":8},"end":{"line":168,"column":10},"skip":true},"46":{"start":{"line":166,"column":12},"end":{"line":166,"column":25},"skip":true},"47":{"start":{"line":167,"column":12},"end":{"line":167,"column":46},"skip":true},"48":{"start":{"line":170,"column":8},"end":{"line":179,"column":10},"skip":true},"49":{"start":{"line":177,"column":12},"end":{"line":177,"column":94},"skip":true},"50":{"start":{"line":178,"column":12},"end":{"line":178,"column":48},"skip":true},"51":{"start":{"line":182,"column":8},"end":{"line":182,"column":35},"skip":true},"52":{"start":{"line":183,"column":8},"end":{"line":183,"column":14},"skip":true}},"branchMap":{"1":{"line":25,"type":"binary-expr","locations":[{"start":{"line":25,"column":23},"end":{"line":25,"column":62}},{"start":{"line":26,"column":20},"end":{"line":26,"column":70}},{"start":{"line":27,"column":20},"end":{"line":27,"column":71}},{"start":{"line":28,"column":20},"end":{"line":28,"column":29}}]},"2":{"line":30,"type":"binary-expr","locations":[{"start":{"line":30,"column":23},"end":{"line":30,"column":37}},{"start":{"line":31,"column":20},"end":{"line":31,"column":61}},{"start":{"line":32,"column":20},"end":{"line":32,"column":70}},{"start":{"line":33,"column":20},"end":{"line":33,"column":26}}]},"3":{"line":37,"type":"cond-expr","locations":[{"start":{"line":38,"column":14},"end":{"line":38,"column":20}},{"start":{"line":39,"column":14},"end":{"line":39,"column":20}}]},"4":{"line":40,"type":"switch","locations":[{"start":{"line":42,"column":8},"end":{"line":47,"column":18}},{"start":{"line":49,"column":8},"end":{"line":52,"column":18}}]},"5":{"line":44,"type":"binary-expr","locations":[{"start":{"line":44,"column":16},"end":{"line":44,"column":44}},{"start":{"line":44,"column":48},"end":{"line":44,"column":66}}]},"6":{"line":50,"type":"binary-expr","locations":[{"start":{"line":50,"column":21},"end":{"line":50,"column":49}},{"start":{"line":50,"column":53},"end":{"line":50,"column":72}}]},"7":{"line":64,"type":"switch","locations":[{"start":{"line":69,"column":4},"end":{"line":70,"column":14}},{"start":{"line":75,"column":4},"end":{"line":76,"column":14}}]},"8":{"line":85,"type":"switch","locations":[{"start":{"line":90,"column":4},"end":{"line":95,"column":14}},{"start":{"line":101,"column":4},"end":{"line":183,"column":14},"skip":true}]},"9":{"line":92,"type":"binary-expr","locations":[{"start":{"line":92,"column":18},"end":{"line":92,"column":32}},{"start":{"line":93,"column":12},"end":{"line":93,"column":53}},{"start":{"line":94,"column":12},"end":{"line":94,"column":61}}]},"10":{"line":102,"type":"binary-expr","locations":[{"start":{"line":102,"column":45},"end":{"line":102,"column":79},"skip":true},{"start":{"line":102,"column":83},"end":{"line":111,"column":9},"skip":true}]},"11":{"line":113,"type":"binary-expr","locations":[{"start":{"line":113,"column":42},"end":{"line":113,"column":73},"skip":true},{"start":{"line":113,"column":77},"end":{"line":126,"column":9},"skip":true}]},"12":{"line":128,"type":"binary-expr","locations":[{"start":{"line":128,"column":48},"end":{"line":128,"column":85},"skip":true},{"start":{"line":129,"column":12},"end":{"line":135,"column":13},"skip":true}]},"13":{"line":137,"type":"binary-expr","locations":[{"start":{"line":137,"column":42},"end":{"line":137,"column":73},"skip":true},{"start":{"line":137,"column":77},"end":{"line":146,"column":9},"skip":true}]},"14":{"line":148,"type":"binary-expr","locations":[{"start":{"line":148,"column":45},"end":{"line":148,"column":79},"skip":true},{"start":{"line":148,"column":83},"end":{"line":157,"column":9},"skip":true}]},"15":{"line":159,"type":"binary-expr","locations":[{"start":{"line":159,"column":43},"end":{"line":159,"column":75},"skip":true},{"start":{"line":159,"column":79},"end":{"line":168,"column":9},"skip":true}]},"16":{"line":170,"type":"binary-expr","locations":[{"start":{"line":170,"column":41},"end":{"line":170,"column":71},"skip":true},{"start":{"line":170,"column":75},"end":{"line":179,"column":9},"skip":true}]}},"code":["/* istanbul instrument in package npmtest_homebridge_http */","/*jslint","    bitwise: true,","    browser: true,","    maxerr: 8,","    maxlen: 96,","    node: true,","    nomen: true,","    regexp: true,","    stupid: true","*/","(function () {","    'use strict';","    var local;","","","","    // run shared js-env code - pre-init","    (function () {","        // init local","        local = {};","        // init modeJs","        local.modeJs = (function () {","            try {","                return typeof navigator.userAgent === 'string' &&","                    typeof document.querySelector('body') === 'object' &&","                    typeof XMLHttpRequest.prototype.open === 'function' &&","                    'browser';","            } catch (errorCaughtBrowser) {","                return module.exports &&","                    typeof process.versions.node === 'string' &&","                    typeof require('http').createServer === 'function' &&","                    'node';","            }","        }());","        // init global","        local.global = local.modeJs === 'browser'","            ? window","            : global;","        switch (local.modeJs) {","        // re-init local from window.local","        case 'browser':","            local = local.global.utility2.objectSetDefault(","                local.global.utility2_rollup || local.global.local,","                local.global.utility2","            );","            break;","        // re-init local from example.js","        case 'node':","            local = (local.global.utility2_rollup || require('utility2'))","                .requireExampleJsFromReadme();","            break;","        }","        // export local","        local.global.local = local;","    }());","","","","    // run shared js-env code - function","    (function () {","        return;","    }());","    switch (local.modeJs) {","","","","    // run browser js-env code - function","    case 'browser':","        break;","","","","    // run node js-env code - function","    case 'node':","        break;","    }","","","","    // run shared js-env code - post-init","    (function () {","        return;","    }());","    switch (local.modeJs) {","","","","    // run browser js-env code - post-init","    case 'browser':","        // run tests","        local.nop(local.modeTest &&","            document.querySelector('#testRunButton1') &&","            document.querySelector('#testRunButton1').click());","        break;","","","","    // run node js-env code - post-init","    /* istanbul ignore next */","    case 'node':","        local.testCase_buildApidoc_default = local.testCase_buildApidoc_default || function (","            options,","            onError","        ) {","        /*","         * this function will test buildApidoc's default handling-behavior-behavior","         */","            options = { modulePathList: module.paths };","            local.buildApidoc(options, onError);","        };","","        local.testCase_buildApp_default = local.testCase_buildApp_default || function (","            options,","            onError","        ) {","        /*","         * this function will test buildApp's default handling-behavior-behavior","         */","            local.testCase_buildReadme_default(options, local.onErrorThrow);","            local.testCase_buildLib_default(options, local.onErrorThrow);","            local.testCase_buildTest_default(options, local.onErrorThrow);","            local.testCase_buildCustomOrg_default(options, local.onErrorThrow);","            options = [];","            local.buildApp(options, onError);","        };","","        local.testCase_buildCustomOrg_default = local.testCase_buildCustomOrg_default ||","            function (options, onError) {","            /*","             * this function will test buildCustomOrg's default handling-behavior","             */","                options = {};","                local.buildCustomOrg(options, onError);","            };","","        local.testCase_buildLib_default = local.testCase_buildLib_default || function (","            options,","            onError","        ) {","        /*","         * this function will test buildLib's default handling-behavior","         */","            options = {};","            local.buildLib(options, onError);","        };","","        local.testCase_buildReadme_default = local.testCase_buildReadme_default || function (","            options,","            onError","        ) {","        /*","         * this function will test buildReadme's default handling-behavior-behavior","         */","            options = {};","            local.buildReadme(options, onError);","        };","","        local.testCase_buildTest_default = local.testCase_buildTest_default || function (","            options,","            onError","        ) {","        /*","         * this function will test buildTest's default handling-behavior","         */","            options = {};","            local.buildTest(options, onError);","        };","","        local.testCase_webpage_default = local.testCase_webpage_default || function (","            options,","            onError","        ) {","        /*","         * this function will test webpage's default handling-behavior","         */","            options = { modeCoverageMerge: true, url: local.serverLocalHost + '?modeTest=1' };","            local.browserTest(options, onError);","        };","","        // run test-server","        local.testRunServer(local);","        break;","    }","}());",""],"l":{"12":2,"14":2,"19":2,"21":2,"23":2,"24":2,"25":2,"30":1,"37":2,"40":2,"43":1,"47":1,"50":1,"52":1,"55":2,"61":2,"62":2,"64":2,"70":1,"76":1,"82":2,"83":2,"85":2,"92":1,"95":1,"102":1,"109":1,"110":1,"113":1,"120":1,"121":1,"122":1,"123":1,"124":1,"125":1,"128":1,"133":2,"134":2,"137":1,"144":2,"145":2,"148":1,"155":2,"156":2,"159":1,"166":2,"167":2,"170":1,"177":1,"178":1,"182":1,"183":1}},"/home/travis/build/npmtest/node-npmtest-homebridge-http/lib.npmtest_homebridge_http.js":{"path":"/home/travis/build/npmtest/node-npmtest-homebridge-http/lib.npmtest_homebridge_http.js","s":{"1":2,"2":2,"3":2,"4":2,"5":2,"6":2,"7":2,"8":1,"9":2,"10":2,"11":2,"12":2,"13":1,"14":1,"15":1,"16":1},"b":{"1":[2,1,1,1],"2":[1,1,1,1],"3":[1,1],"4":[2,2],"5":[1,1]},"f":{"1":2,"2":2,"3":2},"fnMap":{"1":{"name":"(anonymous_1)","line":12,"loc":{"start":{"line":12,"column":1},"end":{"line":12,"column":13}}},"2":{"name":"(anonymous_2)","line":19,"loc":{"start":{"line":19,"column":5},"end":{"line":19,"column":17}}},"3":{"name":"(anonymous_3)","line":23,"loc":{"start":{"line":23,"column":24},"end":{"line":23,"column":36}}}},"statementMap":{"1":{"start":{"line":12,"column":0},"end":{"line":53,"column":5}},"2":{"start":{"line":14,"column":4},"end":{"line":14,"column":14}},"3":{"start":{"line":19,"column":4},"end":{"line":52,"column":9}},"4":{"start":{"line":21,"column":8},"end":{"line":21,"column":19}},"5":{"start":{"line":23,"column":8},"end":{"line":35,"column":13}},"6":{"start":{"line":24,"column":12},"end":{"line":34,"column":13}},"7":{"start":{"line":25,"column":16},"end":{"line":28,"column":30}},"8":{"start":{"line":30,"column":16},"end":{"line":33,"column":27}},"9":{"start":{"line":37,"column":8},"end":{"line":39,"column":21}},"10":{"start":{"line":41,"column":8},"end":{"line":41,"column":54}},"11":{"start":{"line":43,"column":8},"end":{"line":43,"column":60}},"12":{"start":{"line":45,"column":8},"end":{"line":51,"column":9}},"13":{"start":{"line":46,"column":12},"end":{"line":46,"column":66}},"14":{"start":{"line":48,"column":12},"end":{"line":48,"column":35}},"15":{"start":{"line":49,"column":12},"end":{"line":49,"column":49}},"16":{"start":{"line":50,"column":12},"end":{"line":50,"column":43}}},"branchMap":{"1":{"line":25,"type":"binary-expr","locations":[{"start":{"line":25,"column":23},"end":{"line":25,"column":62}},{"start":{"line":26,"column":20},"end":{"line":26,"column":70}},{"start":{"line":27,"column":20},"end":{"line":27,"column":71}},{"start":{"line":28,"column":20},"end":{"line":28,"column":29}}]},"2":{"line":30,"type":"binary-expr","locations":[{"start":{"line":30,"column":23},"end":{"line":30,"column":37}},{"start":{"line":31,"column":20},"end":{"line":31,"column":61}},{"start":{"line":32,"column":20},"end":{"line":32,"column":70}},{"start":{"line":33,"column":20},"end":{"line":33,"column":26}}]},"3":{"line":37,"type":"cond-expr","locations":[{"start":{"line":38,"column":14},"end":{"line":38,"column":20}},{"start":{"line":39,"column":14},"end":{"line":39,"column":20}}]},"4":{"line":41,"type":"binary-expr","locations":[{"start":{"line":41,"column":16},"end":{"line":41,"column":44}},{"start":{"line":41,"column":48},"end":{"line":41,"column":53}}]},"5":{"line":45,"type":"if","locations":[{"start":{"line":45,"column":8},"end":{"line":45,"column":8}},{"start":{"line":45,"column":8},"end":{"line":45,"column":8}}]}},"code":["/* istanbul instrument in package npmtest_homebridge_http */","/*jslint","    bitwise: true,","    browser: true,","    maxerr: 8,","    maxlen: 96,","    node: true,","    nomen: true,","    regexp: true,","    stupid: true","*/","(function () {","    'use strict';","    var local;","","","","    // run shared js-env code - pre-init","    (function () {","        // init local","        local = {};","        // init modeJs","        local.modeJs = (function () {","            try {","                return typeof navigator.userAgent === 'string' &&","                    typeof document.querySelector('body') === 'object' &&","                    typeof XMLHttpRequest.prototype.open === 'function' &&","                    'browser';","            } catch (errorCaughtBrowser) {","                return module.exports &&","                    typeof process.versions.node === 'string' &&","                    typeof require('http').createServer === 'function' &&","                    'node';","            }","        }());","        // init global","        local.global = local.modeJs === 'browser'","            ? window","            : global;","        // init utility2_rollup","        local = local.global.utility2_rollup || local;","        // init lib","        local.local = local.npmtest_homebridge_http = local;","        // init exports","        if (local.modeJs === 'browser') {","            local.global.utility2_npmtest_homebridge_http = local;","        } else {","            module.exports = local;","            module.exports.__dirname = __dirname;","            module.exports.module = module;","        }","    }());","}());",""],"l":{"12":2,"14":2,"19":2,"21":2,"23":2,"24":2,"25":2,"30":1,"37":2,"41":2,"43":2,"45":2,"46":1,"48":1,"49":1,"50":1}},"/home/travis/build/npmtest/node-npmtest-homebridge-http/example.js":{"path":"/home/travis/build/npmtest/node-npmtest-homebridge-http/example.js","s":{"1":2,"2":2,"3":2,"4":2,"5":2,"6":2,"7":2,"8":1,"9":2,"10":2,"11":2,"12":2,"13":1,"14":2,"15":2,"16":2,"17":2,"18":2,"19":0,"20":2,"21":1,"22":1,"23":1,"24":1,"25":1,"26":0,"27":0,"28":1,"29":1,"30":2,"31":0,"32":0,"33":0,"34":1,"35":2,"36":2,"37":2,"38":2,"39":2,"40":2,"41":0,"42":2,"43":2,"44":2,"45":1,"46":3,"47":1,"48":1,"49":1,"50":1,"51":1,"52":1,"53":1,"54":1,"55":1,"56":1,"57":0,"58":1,"59":6,"60":6,"61":1,"62":2,"63":0,"64":2,"65":1,"66":1,"67":0,"68":0,"69":0,"70":0,"71":0,"72":0,"73":0,"74":0,"75":0,"76":0,"77":0,"78":0,"79":0,"80":0,"81":0,"82":0,"83":0},"b":{"1":[2,1,1,1],"2":[1,1,1,1],"3":[1,1],"4":[2,2],"5":[1,1],"6":[1,1],"7":[2,0],"8":[2,1,1,1,1,1],"9":[0,2,0],"10":[1,1],"11":[2,1,1],"12":[1,0],"13":[0,2],"14":[2,0,0,0,0,0,0],"15":[0,2],"16":[2,0],"17":[1,1],"18":[0,1],"19":[1,2,0,2],"20":[1,0],"21":[1,1],"22":[0,0],"23":[0,0],"24":[0,0],"25":[0,0],"26":[0,0],"27":[0,0],"28":[0,0]},"f":{"1":2,"2":2,"3":2,"4":2,"5":2,"6":2,"7":2,"8":2,"9":3,"10":1,"11":6,"12":0},"fnMap":{"1":{"name":"(anonymous_1)","line":26,"loc":{"start":{"line":26,"column":1},"end":{"line":26,"column":13}}},"2":{"name":"(anonymous_2)","line":33,"loc":{"start":{"line":33,"column":5},"end":{"line":33,"column":17}}},"3":{"name":"(anonymous_3)","line":37,"loc":{"start":{"line":37,"column":24},"end":{"line":37,"column":36}}},"4":{"name":"(anonymous_4)","line":69,"loc":{"start":{"line":69,"column":31},"end":{"line":69,"column":48}},"skip":true},"5":{"name":"(anonymous_5)","line":78,"loc":{"start":{"line":78,"column":26},"end":{"line":78,"column":45}},"skip":true},"6":{"name":"(anonymous_6)","line":123,"loc":{"start":{"line":123,"column":33},"end":{"line":123,"column":48}},"skip":true},"7":{"name":"(anonymous_7)","line":125,"loc":{"start":{"line":125,"column":27},"end":{"line":125,"column":39}},"skip":true},"8":{"name":"(anonymous_8)","line":133,"loc":{"start":{"line":133,"column":59},"end":{"line":133,"column":74}},"skip":true},"9":{"name":"(anonymous_9)","line":143,"loc":{"start":{"line":143,"column":45},"end":{"line":143,"column":62}},"skip":true},"10":{"name":"(anonymous_10)","line":144,"loc":{"start":{"line":144,"column":73},"end":{"line":144,"column":92}},"skip":true},"11":{"name":"(anonymous_11)","line":272,"loc":{"start":{"line":272,"column":51},"end":{"line":272,"column":77}},"skip":true},"12":{"name":"(anonymous_12)","line":314,"loc":{"start":{"line":314,"column":32},"end":{"line":314,"column":61}},"skip":true}},"statementMap":{"1":{"start":{"line":26,"column":0},"end":{"line":325,"column":5}},"2":{"start":{"line":28,"column":4},"end":{"line":28,"column":14}},"3":{"start":{"line":33,"column":4},"end":{"line":60,"column":9}},"4":{"start":{"line":35,"column":8},"end":{"line":35,"column":19}},"5":{"start":{"line":37,"column":8},"end":{"line":49,"column":13}},"6":{"start":{"line":38,"column":12},"end":{"line":48,"column":13}},"7":{"start":{"line":39,"column":16},"end":{"line":42,"column":30}},"8":{"start":{"line":44,"column":16},"end":{"line":47,"column":27}},"9":{"start":{"line":51,"column":8},"end":{"line":53,"column":21}},"10":{"start":{"line":55,"column":8},"end":{"line":57,"column":45}},"11":{"start":{"line":59,"column":8},"end":{"line":59,"column":35}},"12":{"start":{"line":61,"column":4},"end":{"line":324,"column":5}},"13":{"start":{"line":69,"column":8},"end":{"line":121,"column":10},"skip":true},"14":{"start":{"line":70,"column":12},"end":{"line":88,"column":13},"skip":true},"15":{"start":{"line":76,"column":16},"end":{"line":87,"column":19},"skip":true},"16":{"start":{"line":79,"column":20},"end":{"line":86,"column":21},"skip":true},"17":{"start":{"line":82,"column":24},"end":{"line":82,"column":43},"skip":true},"18":{"start":{"line":83,"column":24},"end":{"line":83,"column":30},"skip":true},"19":{"start":{"line":85,"column":24},"end":{"line":85,"column":49},"skip":true},"20":{"start":{"line":89,"column":12},"end":{"line":107,"column":13},"skip":true},"21":{"start":{"line":92,"column":16},"end":{"line":102,"column":17},"skip":true},"22":{"start":{"line":93,"column":20},"end":{"line":93,"column":86},"skip":true},"23":{"start":{"line":94,"column":20},"end":{"line":95,"column":45},"skip":true},"24":{"start":{"line":96,"column":20},"end":{"line":96,"column":42},"skip":true},"25":{"start":{"line":97,"column":20},"end":{"line":97,"column":48},"skip":true},"26":{"start":{"line":100,"column":20},"end":{"line":100,"column":85},"skip":true},"27":{"start":{"line":101,"column":20},"end":{"line":101,"column":96},"skip":true},"28":{"start":{"line":103,"column":16},"end":{"line":103,"column":22},"skip":true},"29":{"start":{"line":106,"column":16},"end":{"line":106,"column":22},"skip":true},"30":{"start":{"line":108,"column":12},"end":{"line":120,"column":13},"skip":true},"31":{"start":{"line":114,"column":16},"end":{"line":119,"column":17},"skip":true},"32":{"start":{"line":116,"column":20},"end":{"line":116,"column":78},"skip":true},"33":{"start":{"line":118,"column":20},"end":{"line":118,"column":47},"skip":true},"34":{"start":{"line":123,"column":8},"end":{"line":141,"column":11},"skip":true},"35":{"start":{"line":124,"column":12},"end":{"line":124,"column":54},"skip":true},"36":{"start":{"line":125,"column":12},"end":{"line":140,"column":14},"skip":true},"37":{"start":{"line":126,"column":16},"end":{"line":126,"column":28},"skip":true},"38":{"start":{"line":127,"column":16},"end":{"line":127,"column":69},"skip":true},"39":{"start":{"line":128,"column":16},"end":{"line":128,"column":75},"skip":true},"40":{"start":{"line":129,"column":16},"end":{"line":131,"column":17},"skip":true},"41":{"start":{"line":130,"column":20},"end":{"line":130,"column":27},"skip":true},"42":{"start":{"line":133,"column":16},"end":{"line":137,"column":36},"skip":true},"43":{"start":{"line":134,"column":20},"end":{"line":136,"column":55},"skip":true},"44":{"start":{"line":139,"column":16},"end":{"line":139,"column":57},"skip":true},"45":{"start":{"line":143,"column":8},"end":{"line":147,"column":11},"skip":true},"46":{"start":{"line":144,"column":12},"end":{"line":146,"column":15},"skip":true},"47":{"start":{"line":145,"column":16},"end":{"line":145,"column":70},"skip":true},"48":{"start":{"line":149,"column":8},"end":{"line":149,"column":31},"skip":true},"49":{"start":{"line":150,"column":8},"end":{"line":150,"column":14},"skip":true},"50":{"start":{"line":158,"column":8},"end":{"line":158,"column":31},"skip":true},"51":{"start":{"line":160,"column":8},"end":{"line":160,"column":33},"skip":true},"52":{"start":{"line":161,"column":8},"end":{"line":161,"column":37},"skip":true},"53":{"start":{"line":162,"column":8},"end":{"line":162,"column":35},"skip":true},"54":{"start":{"line":164,"column":8},"end":{"line":164,"column":50},"skip":true},"55":{"start":{"line":166,"column":8},"end":{"line":256,"column":2},"skip":true},"56":{"start":{"line":258,"column":8},"end":{"line":286,"column":9},"skip":true},"57":{"start":{"line":259,"column":12},"end":{"line":269,"column":14},"skip":true},"58":{"start":{"line":271,"column":12},"end":{"line":285,"column":19},"skip":true},"59":{"start":{"line":274,"column":20},"end":{"line":274,"column":35},"skip":true},"60":{"start":{"line":275,"column":20},"end":{"line":284,"column":21},"skip":true},"61":{"start":{"line":277,"column":24},"end":{"line":277,"column":64},"skip":true},"62":{"start":{"line":279,"column":24},"end":{"line":279,"column":40},"skip":true},"63":{"start":{"line":281,"column":24},"end":{"line":281,"column":40},"skip":true},"64":{"start":{"line":283,"column":24},"end":{"line":283,"column":39},"skip":true},"65":{"start":{"line":288,"column":8},"end":{"line":290,"column":9},"skip":true},"66":{"start":{"line":289,"column":12},"end":{"line":289,"column":18},"skip":true},"67":{"start":{"line":291,"column":8},"end":{"line":293,"column":54},"skip":true},"68":{"start":{"line":294,"column":8},"end":{"line":301,"column":37},"skip":true},"69":{"start":{"line":302,"column":8},"end":{"line":302,"column":82},"skip":true},"70":{"start":{"line":305,"column":8},"end":{"line":307,"column":9},"skip":true},"71":{"start":{"line":306,"column":12},"end":{"line":306,"column":82},"skip":true},"72":{"start":{"line":309,"column":8},"end":{"line":311,"column":9},"skip":true},"73":{"start":{"line":310,"column":12},"end":{"line":310,"column":18},"skip":true},"74":{"start":{"line":312,"column":8},"end":{"line":312,"column":54},"skip":true},"75":{"start":{"line":313,"column":8},"end":{"line":313,"column":69},"skip":true},"76":{"start":{"line":314,"column":8},"end":{"line":322,"column":36},"skip":true},"77":{"start":{"line":315,"column":12},"end":{"line":315,"column":61},"skip":true},"78":{"start":{"line":316,"column":12},"end":{"line":319,"column":13},"skip":true},"79":{"start":{"line":317,"column":16},"end":{"line":317,"column":75},"skip":true},"80":{"start":{"line":318,"column":16},"end":{"line":318,"column":23},"skip":true},"81":{"start":{"line":320,"column":12},"end":{"line":320,"column":38},"skip":true},"82":{"start":{"line":321,"column":12},"end":{"line":321,"column":27},"skip":true},"83":{"start":{"line":323,"column":8},"end":{"line":323,"column":14},"skip":true}},"branchMap":{"1":{"line":39,"type":"binary-expr","locations":[{"start":{"line":39,"column":23},"end":{"line":39,"column":62}},{"start":{"line":40,"column":20},"end":{"line":40,"column":70}},{"start":{"line":41,"column":20},"end":{"line":41,"column":71}},{"start":{"line":42,"column":20},"end":{"line":42,"column":29}}]},"2":{"line":44,"type":"binary-expr","locations":[{"start":{"line":44,"column":23},"end":{"line":44,"column":37}},{"start":{"line":45,"column":20},"end":{"line":45,"column":61}},{"start":{"line":46,"column":20},"end":{"line":46,"column":70}},{"start":{"line":47,"column":20},"end":{"line":47,"column":26}}]},"3":{"line":51,"type":"cond-expr","locations":[{"start":{"line":52,"column":14},"end":{"line":52,"column":20}},{"start":{"line":53,"column":14},"end":{"line":53,"column":20}}]},"4":{"line":55,"type":"binary-expr","locations":[{"start":{"line":55,"column":16},"end":{"line":55,"column":44}},{"start":{"line":55,"column":49},"end":{"line":57,"column":43}}]},"5":{"line":55,"type":"cond-expr","locations":[{"start":{"line":56,"column":14},"end":{"line":56,"column":59}},{"start":{"line":57,"column":14},"end":{"line":57,"column":43}}]},"6":{"line":61,"type":"switch","locations":[{"start":{"line":68,"column":4},"end":{"line":150,"column":14},"skip":true},{"start":{"line":156,"column":4},"end":{"line":323,"column":14},"skip":true}]},"7":{"line":70,"type":"if","locations":[{"start":{"line":70,"column":12},"end":{"line":70,"column":12},"skip":true},{"start":{"line":70,"column":12},"end":{"line":70,"column":12},"skip":true}]},"8":{"line":70,"type":"binary-expr","locations":[{"start":{"line":70,"column":16},"end":{"line":70,"column":22},"skip":true},{"start":{"line":70,"column":27},"end":{"line":70,"column":32},"skip":true},{"start":{"line":71,"column":20},"end":{"line":71,"column":39},"skip":true},{"start":{"line":72,"column":20},"end":{"line":72,"column":49},"skip":true},{"start":{"line":73,"column":20},"end":{"line":73,"column":58},"skip":true},{"start":{"line":74,"column":20},"end":{"line":74,"column":69},"skip":true}]},"9":{"line":79,"type":"switch","locations":[{"start":{"line":80,"column":20},"end":{"line":80,"column":33},"skip":true},{"start":{"line":81,"column":20},"end":{"line":83,"column":30},"skip":true},{"start":{"line":84,"column":20},"end":{"line":85,"column":49},"skip":true}]},"10":{"line":89,"type":"switch","locations":[{"start":{"line":90,"column":12},"end":{"line":103,"column":22},"skip":true},{"start":{"line":105,"column":12},"end":{"line":106,"column":22},"skip":true}]},"11":{"line":89,"type":"binary-expr","locations":[{"start":{"line":89,"column":20},"end":{"line":89,"column":25},"skip":true},{"start":{"line":89,"column":29},"end":{"line":89,"column":48},"skip":true},{"start":{"line":89,"column":52},"end":{"line":89,"column":74},"skip":true}]},"12":{"line":92,"type":"if","locations":[{"start":{"line":92,"column":16},"end":{"line":92,"column":16},"skip":true},{"start":{"line":92,"column":16},"end":{"line":92,"column":16},"skip":true}]},"13":{"line":108,"type":"if","locations":[{"start":{"line":108,"column":12},"end":{"line":108,"column":12},"skip":true},{"start":{"line":108,"column":12},"end":{"line":108,"column":12},"skip":true}]},"14":{"line":108,"type":"binary-expr","locations":[{"start":{"line":108,"column":16},"end":{"line":108,"column":61},"skip":true},{"start":{"line":108,"column":66},"end":{"line":108,"column":72},"skip":true},{"start":{"line":108,"column":77},"end":{"line":108,"column":82},"skip":true},{"start":{"line":109,"column":20},"end":{"line":109,"column":39},"skip":true},{"start":{"line":110,"column":20},"end":{"line":110,"column":49},"skip":true},{"start":{"line":111,"column":20},"end":{"line":111,"column":58},"skip":true},{"start":{"line":112,"column":20},"end":{"line":112,"column":68},"skip":true}]},"15":{"line":129,"type":"if","locations":[{"start":{"line":129,"column":16},"end":{"line":129,"column":16},"skip":true},{"start":{"line":129,"column":16},"end":{"line":129,"column":16},"skip":true}]},"16":{"line":134,"type":"cond-expr","locations":[{"start":{"line":135,"column":26},"end":{"line":135,"column":29},"skip":true},{"start":{"line":136,"column":26},"end":{"line":136,"column":54},"skip":true}]},"17":{"line":164,"type":"binary-expr","locations":[{"start":{"line":164,"column":27},"end":{"line":164,"column":43},"skip":true},{"start":{"line":164,"column":47},"end":{"line":164,"column":49},"skip":true}]},"18":{"line":258,"type":"if","locations":[{"start":{"line":258,"column":8},"end":{"line":258,"column":8},"skip":true},{"start":{"line":258,"column":8},"end":{"line":258,"column":8},"skip":true}]},"19":{"line":275,"type":"switch","locations":[{"start":{"line":276,"column":20},"end":{"line":277,"column":64},"skip":true},{"start":{"line":278,"column":20},"end":{"line":279,"column":40},"skip":true},{"start":{"line":280,"column":20},"end":{"line":281,"column":40},"skip":true},{"start":{"line":282,"column":20},"end":{"line":283,"column":39},"skip":true}]},"20":{"line":288,"type":"if","locations":[{"start":{"line":288,"column":8},"end":{"line":288,"column":8},"skip":true},{"start":{"line":288,"column":8},"end":{"line":288,"column":8},"skip":true}]},"21":{"line":288,"type":"binary-expr","locations":[{"start":{"line":288,"column":12},"end":{"line":288,"column":40},"skip":true},{"start":{"line":288,"column":44},"end":{"line":288,"column":67},"skip":true}]},"22":{"line":292,"type":"binary-expr","locations":[{"start":{"line":292,"column":12},"end":{"line":292,"column":50},"skip":true},{"start":{"line":293,"column":12},"end":{"line":293,"column":53},"skip":true}]},"23":{"line":295,"type":"binary-expr","locations":[{"start":{"line":295,"column":12},"end":{"line":295,"column":73},"skip":true},{"start":{"line":296,"column":12},"end":{"line":301,"column":36},"skip":true}]},"24":{"line":302,"type":"binary-expr","locations":[{"start":{"line":302,"column":43},"end":{"line":302,"column":75},"skip":true},{"start":{"line":302,"column":79},"end":{"line":302,"column":81},"skip":true}]},"25":{"line":305,"type":"if","locations":[{"start":{"line":305,"column":8},"end":{"line":305,"column":8},"skip":true},{"start":{"line":305,"column":8},"end":{"line":305,"column":8},"skip":true}]},"26":{"line":309,"type":"if","locations":[{"start":{"line":309,"column":8},"end":{"line":309,"column":8},"skip":true},{"start":{"line":309,"column":8},"end":{"line":309,"column":8},"skip":true}]},"27":{"line":312,"type":"binary-expr","locations":[{"start":{"line":312,"column":27},"end":{"line":312,"column":43},"skip":true},{"start":{"line":312,"column":47},"end":{"line":312,"column":53},"skip":true}]},"28":{"line":316,"type":"if","locations":[{"start":{"line":316,"column":12},"end":{"line":316,"column":12},"skip":true},{"start":{"line":316,"column":12},"end":{"line":316,"column":12},"skip":true}]}},"code":["/*","example.js","","quickstart example","","instruction","    1. save this script as example.js","    2. run the shell command:","        $ npm install npmtest-homebridge-http && PORT=8081 node example.js","    3. play with the browser-demo on http://127.0.0.1:8081","*/","","","","/* istanbul instrument in package npmtest_homebridge_http */","/*jslint","    bitwise: true,","    browser: true,","    maxerr: 8,","    maxlen: 96,","    node: true,","    nomen: true,","    regexp: true,","    stupid: true","*/","(function () {","    'use strict';","    var local;","","","","    // run shared js-env code - pre-init","    (function () {","        // init local","        local = {};","        // init modeJs","        local.modeJs = (function () {","            try {","                return typeof navigator.userAgent === 'string' &&","                    typeof document.querySelector('body') === 'object' &&","                    typeof XMLHttpRequest.prototype.open === 'function' &&","                    'browser';","            } catch (errorCaughtBrowser) {","                return module.exports &&","                    typeof process.versions.node === 'string' &&","                    typeof require('http').createServer === 'function' &&","                    'node';","            }","        }());","        // init global","        local.global = local.modeJs === 'browser'","            ? window","            : global;","        // init utility2_rollup","        local = local.global.utility2_rollup || (local.modeJs === 'browser'","            ? local.global.utility2_npmtest_homebridge_http","            : global.utility2_moduleExports);","        // export local","        local.global.local = local;","    }());","    switch (local.modeJs) {","","","","    // post-init","    // run browser js-env code - post-init","    /* istanbul ignore next */","    case 'browser':","        local.testRunBrowser = function (event) {","            if (!event || (event &&","                    event.currentTarget &&","                    event.currentTarget.className &&","                    event.currentTarget.className.includes &&","                    event.currentTarget.className.includes('onreset'))) {","                // reset output","                Array.from(","                    document.querySelectorAll('body > .resettable')","                ).forEach(function (element) {","                    switch (element.tagName) {","                    case 'INPUT':","                    case 'TEXTAREA':","                        element.value = '';","                        break;","                    default:","                        element.textContent = '';","                    }","                });","            }","            switch (event && event.currentTarget && event.currentTarget.id) {","            case 'testRunButton1':","                // show tests","                if (document.querySelector('#testReportDiv1').style.display === 'none') {","                    document.querySelector('#testReportDiv1').style.display = 'block';","                    document.querySelector('#testRunButton1').textContent =","                        'hide internal test';","                    local.modeTest = true;","                    local.testRunDefault(local);","                // hide tests","                } else {","                    document.querySelector('#testReportDiv1').style.display = 'none';","                    document.querySelector('#testRunButton1').textContent = 'run internal test';","                }","                break;","            // custom-case","            default:","                break;","            }","            if (document.querySelector('#inputTextareaEval1') && (!event || (event &&","                    event.currentTarget &&","                    event.currentTarget.className &&","                    event.currentTarget.className.includes &&","                    event.currentTarget.className.includes('oneval')))) {","                // try to eval input-code","                try {","                    /*jslint evil: true*/","                    eval(document.querySelector('#inputTextareaEval1').value);","                } catch (errorCaught) {","                    console.error(errorCaught);","                }","            }","        };","        // log stderr and stdout to #outputTextareaStdout1","        ['error', 'log'].forEach(function (key) {","            console[key + '_original'] = console[key];","            console[key] = function () {","                var element;","                console[key + '_original'].apply(console, arguments);","                element = document.querySelector('#outputTextareaStdout1');","                if (!element) {","                    return;","                }","                // append text to #outputTextareaStdout1","                element.value += Array.from(arguments).map(function (arg) {","                    return typeof arg === 'string'","                        ? arg","                        : JSON.stringify(arg, null, 4);","                }).join(' ') + '\\n';","                // scroll textarea to bottom","                element.scrollTop = element.scrollHeight;","            };","        });","        // init event-handling","        ['change', 'click', 'keyup'].forEach(function (event) {","            Array.from(document.querySelectorAll('.on' + event)).forEach(function (element) {","                element.addEventListener(event, local.testRunBrowser);","            });","        });","        // run tests","        local.testRunBrowser();","        break;","","","","    // run node js-env code - post-init","    /* istanbul ignore next */","    case 'node':","        // export local","        module.exports = local;","        // require modules","        local.fs = require('fs');","        local.http = require('http');","        local.url = require('url');","        // init assets","        local.assetsDict = local.assetsDict || {};","        /* jslint-ignore-begin */","        local.assetsDict['/assets.index.template.html'] = '\\","<!doctype html>\\n\\","<html lang=\"en\">\\n\\","<head>\\n\\","<meta charset=\"UTF-8\">\\n\\","<meta name=\"viewport\" content=\"width=device-width, initial-scale=1\">\\n\\","<title>{{env.npm_package_name}} (v{{env.npm_package_version}})</title>\\n\\","<style>\\n\\","/*csslint\\n\\","    box-sizing: false,\\n\\","    universal-selector: false\\n\\","*/\\n\\","* {\\n\\","    box-sizing: border-box;\\n\\","}\\n\\","body {\\n\\","    background: #dde;\\n\\","    font-family: Arial, Helvetica, sans-serif;\\n\\","    margin: 2rem;\\n\\","}\\n\\","body > * {\\n\\","    margin-bottom: 1rem;\\n\\","}\\n\\",".utility2FooterDiv {\\n\\","    margin-top: 20px;\\n\\","    text-align: center;\\n\\","}\\n\\","</style>\\n\\","<style>\\n\\","/*csslint\\n\\","*/\\n\\","textarea {\\n\\","    font-family: monospace;\\n\\","    height: 10rem;\\n\\","    width: 100%;\\n\\","}\\n\\","textarea[readonly] {\\n\\","    background: #ddd;\\n\\","}\\n\\","</style>\\n\\","</head>\\n\\","<body>\\n\\","<!-- utility2-comment\\n\\","<div id=\"ajaxProgressDiv1\" style=\"background: #d00; height: 2px; left: 0; margin: 0; padding: 0; position: fixed; top: 0; transition: background 0.5s, width 1.5s; width: 25%;\"></div>\\n\\","utility2-comment -->\\n\\","<h1>\\n\\","<!-- utility2-comment\\n\\","    <a\\n\\","        {{#if env.npm_package_homepage}}\\n\\","        href=\"{{env.npm_package_homepage}}\"\\n\\","        {{/if env.npm_package_homepage}}\\n\\","        target=\"_blank\"\\n\\","    >\\n\\","utility2-comment -->\\n\\","        {{env.npm_package_name}} (v{{env.npm_package_version}})\\n\\","<!-- utility2-comment\\n\\","    </a>\\n\\","utility2-comment -->\\n\\","</h1>\\n\\","<h3>{{env.npm_package_description}}</h3>\\n\\","<!-- utility2-comment\\n\\","<h4><a download href=\"assets.app.js\">download standalone app</a></h4>\\n\\","<button class=\"onclick onreset\" id=\"testRunButton1\">run internal test</button><br>\\n\\","<div id=\"testReportDiv1\" style=\"display: none;\"></div>\\n\\","utility2-comment -->\\n\\","\\n\\","\\n\\","\\n\\","<label>stderr and stdout</label>\\n\\","<textarea class=\"resettable\" id=\"outputTextareaStdout1\" readonly></textarea>\\n\\","<!-- utility2-comment\\n\\","{{#if isRollup}}\\n\\","<script src=\"assets.app.js\"></script>\\n\\","{{#unless isRollup}}\\n\\","utility2-comment -->\\n\\","<script src=\"assets.utility2.rollup.js\"></script>\\n\\","<script src=\"jsonp.utility2._stateInit?callback=window.utility2._stateInit\"></script>\\n\\","<script src=\"assets.npmtest_homebridge_http.rollup.js\"></script>\\n\\","<script src=\"assets.example.js\"></script>\\n\\","<script src=\"assets.test.js\"></script>\\n\\","<!-- utility2-comment\\n\\","{{/if isRollup}}\\n\\","utility2-comment -->\\n\\","<div class=\"utility2FooterDiv\">\\n\\","    [ this app was created with\\n\\","    <a href=\"https://github.com/kaizhu256/node-utility2\" target=\"_blank\">utility2</a>\\n\\","    ]\\n\\","</div>\\n\\","</body>\\n\\","</html>\\n\\","';","        /* jslint-ignore-end */","        if (local.templateRender) {","            local.assetsDict['/'] = local.templateRender(","                local.assetsDict['/assets.index.template.html'],","                {","                    env: local.objectSetDefault(local.env, {","                        npm_package_description: 'the greatest app in the world!',","                        npm_package_name: 'my-app',","                        npm_package_nameAlias: 'my_app',","                        npm_package_version: '0.0.1'","                    })","                }","            );","        } else {","            local.assetsDict['/'] = local.assetsDict['/assets.index.template.html']","                .replace((/\\{\\{env\\.(\\w+?)\\}\\}/g), function (match0, match1) {","                    // jslint-hack","                    String(match0);","                    switch (match1) {","                    case 'npm_package_description':","                        return 'the greatest app in the world!';","                    case 'npm_package_name':","                        return 'my-app';","                    case 'npm_package_nameAlias':","                        return 'my_app';","                    case 'npm_package_version':","                        return '0.0.1';","                    }","                });","        }","        // run the cli","        if (local.global.utility2_rollup || module !== require.main) {","            break;","        }","        local.assetsDict['/assets.example.js'] =","            local.assetsDict['/assets.example.js'] ||","            local.fs.readFileSync(__filename, 'utf8');","        local.assetsDict['/assets.npmtest_homebridge_http.rollup.js'] =","            local.assetsDict['/assets.npmtest_homebridge_http.rollup.js'] ||","            local.fs.readFileSync(","                // buildCustomOrg-hack","                local.npmtest_homebridge_http.__dirname +","                    '/lib.npmtest_homebridge_http.js',","                'utf8'","            ).replace((/^#!/), '//');","        local.assetsDict['/favicon.ico'] = local.assetsDict['/favicon.ico'] || '';","        // if $npm_config_timeout_exit exists,","        // then exit this process after $npm_config_timeout_exit ms","        if (Number(process.env.npm_config_timeout_exit)) {","            setTimeout(process.exit, Number(process.env.npm_config_timeout_exit));","        }","        // start server","        if (local.global.utility2_serverHttp1) {","            break;","        }","        process.env.PORT = process.env.PORT || '8081';","        console.error('server starting on port ' + process.env.PORT);","        local.http.createServer(function (request, response) {","            request.urlParsed = local.url.parse(request.url);","            if (local.assetsDict[request.urlParsed.pathname] !== undefined) {","                response.end(local.assetsDict[request.urlParsed.pathname]);","                return;","            }","            response.statusCode = 404;","            response.end();","        }).listen(process.env.PORT);","        break;","    }","}());",""],"l":{"26":2,"28":2,"33":2,"35":2,"37":2,"38":2,"39":2,"44":1,"51":2,"55":2,"59":2,"61":2,"69":1,"70":2,"76":2,"79":2,"82":2,"83":2,"85":1,"89":2,"92":1,"93":1,"94":1,"96":1,"97":1,"100":1,"101":1,"103":1,"106":1,"108":2,"114":1,"116":1,"118":1,"123":1,"124":2,"125":2,"126":2,"127":2,"128":2,"129":2,"130":1,"133":2,"134":2,"139":2,"143":1,"144":3,"145":1,"149":1,"150":1,"158":1,"160":1,"161":1,"162":1,"164":1,"166":1,"258":1,"259":1,"271":1,"274":6,"275":6,"277":1,"279":2,"281":1,"283":2,"288":1,"289":1,"291":1,"294":1,"302":1,"305":1,"306":1,"309":1,"310":1,"312":1,"313":1,"314":1,"315":1,"316":1,"317":1,"318":1,"320":1,"321":1,"323":1}},"/home/travis/build/npmtest/node-npmtest-homebridge-http/node_modules/homebridge-http/index.js":{"path":"/home/travis/build/npmtest/node-npmtest-homebridge-http/node_modules/homebridge-http/index.js","s":{"1":1,"2":1,"3":1,"4":1,"5":0,"6":0,"7":0,"8":1,"9":0,"10":0,"11":0,"12":0,"13":0,"14":0,"15":0,"16":0,"17":0,"18":0,"19":0,"20":0,"21":0,"22":0,"23":0,"24":0,"25":0,"26":0,"27":0,"28":0,"29":0,"30":0,"31":0,"32":0,"33":0,"34":0,"35":0,"36":0,"37":0,"38":0,"39":0,"40":0,"41":0,"42":0,"43":0,"44":0,"45":0,"46":0,"47":0,"48":0,"49":0,"50":0,"51":0,"52":0,"53":0,"54":0,"55":0,"56":0,"57":0,"58":0,"59":0,"60":0,"61":1,"62":0,"63":0,"64":0,"65":0,"66":0,"67":0,"68":0,"69":0,"70":0,"71":0,"72":0,"73":0,"74":0,"75":0,"76":0,"77":0,"78":0,"79":0,"80":0,"81":0,"82":0,"83":0,"84":0,"85":0,"86":0,"87":0,"88":0,"89":0,"90":0,"91":0,"92":0,"93":0,"94":0,"95":0,"96":0,"97":0,"98":0,"99":0,"100":0,"101":0,"102":0,"103":0,"104":0,"105":0,"106":0,"107":0,"108":0,"109":0,"110":0,"111":0,"112":0,"113":0,"114":0,"115":0,"116":0,"117":0,"118":0,"119":0,"120":0,"121":0,"122":0,"123":0,"124":0,"125":0,"126":0,"127":0,"128":0,"129":0,"130":0,"131":0,"132":0,"133":0,"134":0,"135":0,"136":0,"137":0,"138":0,"139":0,"140":0,"141":0,"142":0,"143":0,"144":0,"145":0,"146":0,"147":0,"148":0,"149":0,"150":0,"151":0,"152":0,"153":0,"154":0},"b":{"1":[0,0],"2":[0,0],"3":[0,0],"4":[0,0],"5":[0,0],"6":[0,0],"7":[0,0],"8":[0,0],"9":[0,0],"10":[0,0],"11":[0,0],"12":[0,0],"13":[0,0],"14":[0,0],"15":[0,0],"16":[0,0],"17":[0,0],"18":[0,0],"19":[0,0],"20":[0,0],"21":[0,0],"22":[0,0],"23":[0,0],"24":[0,0],"25":[0,0],"26":[0,0],"27":[0,0],"28":[0,0],"29":[0,0],"30":[0,0,0],"31":[0,0,0],"32":[0,0],"33":[0,0]},"f":{"1":0,"2":0,"3":0,"4":0,"5":0,"6":0,"7":0,"8":0,"9":0,"10":0,"11":0,"12":0,"13":0,"14":0,"15":0,"16":0,"17":0,"18":0,"19":0,"20":0,"21":0,"22":0,"23":0},"fnMap":{"1":{"name":"(anonymous_1)","line":5,"loc":{"start":{"line":5,"column":18},"end":{"line":5,"column":38}}},"2":{"name":"HttpAccessory","line":12,"loc":{"start":{"line":12,"column":1},"end":{"line":12,"column":37}}},"3":{"name":"(anonymous_3)","line":41,"loc":{"start":{"line":41,"column":38},"end":{"line":41,"column":53}}},"4":{"name":"(anonymous_4)","line":42,"loc":{"start":{"line":42,"column":100},"end":{"line":42,"column":132}}},"5":{"name":"(anonymous_5)","line":52,"loc":{"start":{"line":52,"column":33},"end":{"line":52,"column":48}}},"6":{"name":"(anonymous_6)","line":77,"loc":{"start":{"line":77,"column":36},"end":{"line":77,"column":51}}},"7":{"name":"(anonymous_7)","line":78,"loc":{"start":{"line":78,"column":105},"end":{"line":78,"column":145}}},"8":{"name":"(anonymous_8)","line":88,"loc":{"start":{"line":88,"column":31},"end":{"line":88,"column":46}}},"9":{"name":"(anonymous_9)","line":102,"loc":{"start":{"line":102,"column":14},"end":{"line":102,"column":89}}},"10":{"name":"(anonymous_10)","line":114,"loc":{"start":{"line":114,"column":2},"end":{"line":114,"column":34}}},"11":{"name":"(anonymous_11)","line":119,"loc":{"start":{"line":119,"column":16},"end":{"line":119,"column":44}}},"12":{"name":"(anonymous_12)","line":139,"loc":{"start":{"line":139,"column":100},"end":{"line":139,"column":140}}},"13":{"name":"(anonymous_13)","line":150,"loc":{"start":{"line":150,"column":17},"end":{"line":150,"column":36}}},"14":{"name":"(anonymous_14)","line":160,"loc":{"start":{"line":160,"column":86},"end":{"line":160,"column":126}}},"15":{"name":"(anonymous_15)","line":173,"loc":{"start":{"line":173,"column":16},"end":{"line":173,"column":35}}},"16":{"name":"(anonymous_16)","line":182,"loc":{"start":{"line":182,"column":88},"end":{"line":182,"column":128}}},"17":{"name":"(anonymous_17)","line":195,"loc":{"start":{"line":195,"column":16},"end":{"line":195,"column":42}}},"18":{"name":"(anonymous_18)","line":207,"loc":{"start":{"line":207,"column":109},"end":{"line":207,"column":141}}},"19":{"name":"(anonymous_19)","line":218,"loc":{"start":{"line":218,"column":11},"end":{"line":218,"column":30}}},"20":{"name":"(anonymous_20)","line":223,"loc":{"start":{"line":223,"column":14},"end":{"line":223,"column":25}}},"21":{"name":"(anonymous_21)","line":250,"loc":{"start":{"line":250,"column":16},"end":{"line":250,"column":35}}},"22":{"name":"(anonymous_22)","line":272,"loc":{"start":{"line":272,"column":15},"end":{"line":272,"column":34}}},"23":{"name":"(anonymous_23)","line":285,"loc":{"start":{"line":285,"column":15},"end":{"line":285,"column":34}}}},"statementMap":{"1":{"start":{"line":1,"column":0},"end":{"line":1,"column":28}},"2":{"start":{"line":2,"column":0},"end":{"line":2,"column":33}},"3":{"start":{"line":3,"column":0},"end":{"line":3,"column":49}},"4":{"start":{"line":5,"column":1},"end":{"line":9,"column":2}},"5":{"start":{"line":6,"column":2},"end":{"line":6,"column":35}},"6":{"start":{"line":7,"column":2},"end":{"line":7,"column":49}},"7":{"start":{"line":8,"column":2},"end":{"line":8,"column":73}},"8":{"start":{"line":12,"column":1},"end":{"line":98,"column":2}},"9":{"start":{"line":13,"column":2},"end":{"line":13,"column":17}},"10":{"start":{"line":16,"column":2},"end":{"line":16,"column":49}},"11":{"start":{"line":17,"column":2},"end":{"line":17,"column":50}},"12":{"start":{"line":18,"column":2},"end":{"line":18,"column":50}},"13":{"start":{"line":19,"column":2},"end":{"line":19,"column":51}},"14":{"start":{"line":20,"column":2},"end":{"line":20,"column":53}},"15":{"start":{"line":21,"column":2},"end":{"line":21,"column":57}},"16":{"start":{"line":22,"column":2},"end":{"line":22,"column":60}},"17":{"start":{"line":23,"column":2},"end":{"line":23,"column":69}},"18":{"start":{"line":24,"column":2},"end":{"line":24,"column":86}},"19":{"start":{"line":25,"column":2},"end":{"line":25,"column":65}},"20":{"start":{"line":26,"column":2},"end":{"line":26,"column":65}},"21":{"start":{"line":27,"column":2},"end":{"line":27,"column":67}},"22":{"start":{"line":28,"column":2},"end":{"line":28,"column":70}},"23":{"start":{"line":29,"column":2},"end":{"line":29,"column":47}},"24":{"start":{"line":30,"column":2},"end":{"line":30,"column":72}},"25":{"start":{"line":31,"column":2},"end":{"line":31,"column":63}},"26":{"start":{"line":34,"column":2},"end":{"line":34,"column":21}},"27":{"start":{"line":35,"column":2},"end":{"line":35,"column":24}},"28":{"start":{"line":36,"column":2},"end":{"line":36,"column":18}},"29":{"start":{"line":39,"column":2},"end":{"line":73,"column":2}},"30":{"start":{"line":40,"column":3},"end":{"line":40,"column":34}},"31":{"start":{"line":41,"column":3},"end":{"line":50,"column":70}},"32":{"start":{"line":42,"column":10},"end":{"line":49,"column":12}},"33":{"start":{"line":43,"column":14},"end":{"line":48,"column":15}},"34":{"start":{"line":44,"column":18},"end":{"line":44,"column":80}},"35":{"start":{"line":45,"column":18},"end":{"line":45,"column":34}},"36":{"start":{"line":47,"column":6},"end":{"line":47,"column":23}},"37":{"start":{"line":52,"column":2},"end":{"line":71,"column":5}},"38":{"start":{"line":53,"column":9},"end":{"line":53,"column":42}},"39":{"start":{"line":54,"column":6},"end":{"line":54,"column":35}},"40":{"start":{"line":55,"column":3},"end":{"line":55,"column":95}},"41":{"start":{"line":57,"column":3},"end":{"line":70,"column":5}},"42":{"start":{"line":59,"column":5},"end":{"line":62,"column":6}},"43":{"start":{"line":60,"column":6},"end":{"line":61,"column":28}},"44":{"start":{"line":63,"column":5},"end":{"line":63,"column":11}},"45":{"start":{"line":65,"column":5},"end":{"line":68,"column":6}},"46":{"start":{"line":66,"column":6},"end":{"line":67,"column":28}},"47":{"start":{"line":69,"column":5},"end":{"line":69,"column":11}},"48":{"start":{"line":75,"column":1},"end":{"line":97,"column":2}},"49":{"start":{"line":76,"column":2},"end":{"line":76,"column":45}},"50":{"start":{"line":77,"column":2},"end":{"line":86,"column":72}},"51":{"start":{"line":78,"column":10},"end":{"line":85,"column":12}},"52":{"start":{"line":79,"column":14},"end":{"line":84,"column":15}},"53":{"start":{"line":80,"column":19},"end":{"line":80,"column":81}},"54":{"start":{"line":81,"column":7},"end":{"line":81,"column":14}},"55":{"start":{"line":83,"column":6},"end":{"line":83,"column":31}},"56":{"start":{"line":88,"column":2},"end":{"line":96,"column":8}},"57":{"start":{"line":89,"column":3},"end":{"line":89,"column":38}},"58":{"start":{"line":91,"column":3},"end":{"line":95,"column":4}},"59":{"start":{"line":92,"column":4},"end":{"line":92,"column":114}},"60":{"start":{"line":93,"column":4},"end":{"line":94,"column":33}},"61":{"start":{"line":100,"column":1},"end":{"line":298,"column":2}},"62":{"start":{"line":103,"column":2},"end":{"line":116,"column":4}},"63":{"start":{"line":115,"column":3},"end":{"line":115,"column":34}},"64":{"start":{"line":120,"column":2},"end":{"line":120,"column":10}},"65":{"start":{"line":121,"column":2},"end":{"line":121,"column":11}},"66":{"start":{"line":123,"column":2},"end":{"line":127,"column":3}},"67":{"start":{"line":124,"column":4},"end":{"line":124,"column":61}},"68":{"start":{"line":125,"column":4},"end":{"line":125,"column":49}},"69":{"start":{"line":126,"column":4},"end":{"line":126,"column":11}},"70":{"start":{"line":129,"column":2},"end":{"line":137,"column":3}},"71":{"start":{"line":130,"column":3},"end":{"line":130,"column":21}},"72":{"start":{"line":131,"column":3},"end":{"line":131,"column":23}},"73":{"start":{"line":132,"column":3},"end":{"line":132,"column":41}},"74":{"start":{"line":134,"column":3},"end":{"line":134,"column":22}},"75":{"start":{"line":135,"column":3},"end":{"line":135,"column":24}},"76":{"start":{"line":136,"column":3},"end":{"line":136,"column":42}},"77":{"start":{"line":139,"column":2},"end":{"line":147,"column":16}},"78":{"start":{"line":140,"column":3},"end":{"line":146,"column":4}},"79":{"start":{"line":141,"column":3},"end":{"line":141,"column":65}},"80":{"start":{"line":142,"column":3},"end":{"line":142,"column":19}},"81":{"start":{"line":144,"column":3},"end":{"line":144,"column":50}},"82":{"start":{"line":145,"column":3},"end":{"line":145,"column":14}},"83":{"start":{"line":151,"column":1},"end":{"line":155,"column":2}},"84":{"start":{"line":152,"column":2},"end":{"line":152,"column":60}},"85":{"start":{"line":153,"column":2},"end":{"line":153,"column":48}},"86":{"start":{"line":154,"column":2},"end":{"line":154,"column":9}},"87":{"start":{"line":157,"column":1},"end":{"line":157,"column":27}},"88":{"start":{"line":158,"column":1},"end":{"line":158,"column":33}},"89":{"start":{"line":160,"column":1},"end":{"line":170,"column":15}},"90":{"start":{"line":161,"column":1},"end":{"line":169,"column":2}},"91":{"start":{"line":162,"column":2},"end":{"line":162,"column":64}},"92":{"start":{"line":163,"column":2},"end":{"line":163,"column":18}},"93":{"start":{"line":165,"column":2},"end":{"line":165,"column":43}},"94":{"start":{"line":166,"column":2},"end":{"line":166,"column":32}},"95":{"start":{"line":167,"column":2},"end":{"line":167,"column":55}},"96":{"start":{"line":168,"column":2},"end":{"line":168,"column":26}},"97":{"start":{"line":174,"column":2},"end":{"line":178,"column":3}},"98":{"start":{"line":175,"column":3},"end":{"line":175,"column":71}},"99":{"start":{"line":176,"column":3},"end":{"line":176,"column":59}},"100":{"start":{"line":177,"column":3},"end":{"line":177,"column":10}},"101":{"start":{"line":179,"column":3},"end":{"line":179,"column":36}},"102":{"start":{"line":180,"column":3},"end":{"line":180,"column":40}},"103":{"start":{"line":182,"column":3},"end":{"line":192,"column":17}},"104":{"start":{"line":183,"column":3},"end":{"line":191,"column":4}},"105":{"start":{"line":184,"column":4},"end":{"line":184,"column":71}},"106":{"start":{"line":185,"column":4},"end":{"line":185,"column":20}},"107":{"start":{"line":187,"column":4},"end":{"line":187,"column":45}},"108":{"start":{"line":188,"column":4},"end":{"line":188,"column":28}},"109":{"start":{"line":189,"column":4},"end":{"line":189,"column":62}},"110":{"start":{"line":190,"column":4},"end":{"line":190,"column":26}},"111":{"start":{"line":197,"column":2},"end":{"line":201,"column":3}},"112":{"start":{"line":198,"column":3},"end":{"line":198,"column":65}},"113":{"start":{"line":199,"column":3},"end":{"line":199,"column":53}},"114":{"start":{"line":200,"column":3},"end":{"line":200,"column":10}},"115":{"start":{"line":203,"column":2},"end":{"line":203,"column":52}},"116":{"start":{"line":205,"column":2},"end":{"line":205,"column":46}},"117":{"start":{"line":207,"column":2},"end":{"line":215,"column":16}},"118":{"start":{"line":208,"column":2},"end":{"line":214,"column":3}},"119":{"start":{"line":209,"column":3},"end":{"line":209,"column":58}},"120":{"start":{"line":210,"column":3},"end":{"line":210,"column":19}},"121":{"start":{"line":212,"column":3},"end":{"line":212,"column":51}},"122":{"start":{"line":213,"column":3},"end":{"line":213,"column":14}},"123":{"start":{"line":219,"column":2},"end":{"line":219,"column":34}},"124":{"start":{"line":220,"column":2},"end":{"line":220,"column":13}},"125":{"start":{"line":225,"column":2},"end":{"line":225,"column":18}},"126":{"start":{"line":229,"column":2},"end":{"line":229,"column":62}},"127":{"start":{"line":231,"column":2},"end":{"line":234,"column":72}},"128":{"start":{"line":236,"column":2},"end":{"line":296,"column":3}},"129":{"start":{"line":238,"column":3},"end":{"line":238,"column":54}},"130":{"start":{"line":239,"column":3},"end":{"line":257,"column":12}},"131":{"start":{"line":242,"column":5},"end":{"line":245,"column":47}},"132":{"start":{"line":246,"column":5},"end":{"line":246,"column":11}},"133":{"start":{"line":248,"column":5},"end":{"line":251,"column":47}},"134":{"start":{"line":250,"column":36},"end":{"line":250,"column":62}},"135":{"start":{"line":252,"column":5},"end":{"line":252,"column":11}},"136":{"start":{"line":254,"column":5},"end":{"line":256,"column":47}},"137":{"start":{"line":257,"column":5},"end":{"line":257,"column":11}},"138":{"start":{"line":258,"column":5},"end":{"line":258,"column":33}},"139":{"start":{"line":260,"column":3},"end":{"line":260,"column":60}},"140":{"start":{"line":261,"column":3},"end":{"line":280,"column":4}},"141":{"start":{"line":264,"column":4},"end":{"line":267,"column":46}},"142":{"start":{"line":268,"column":4},"end":{"line":268,"column":10}},"143":{"start":{"line":270,"column":4},"end":{"line":273,"column":46}},"144":{"start":{"line":272,"column":35},"end":{"line":272,"column":61}},"145":{"start":{"line":274,"column":4},"end":{"line":274,"column":10}},"146":{"start":{"line":276,"column":4},"end":{"line":278,"column":46}},"147":{"start":{"line":279,"column":4},"end":{"line":279,"column":10}},"148":{"start":{"line":282,"column":3},"end":{"line":292,"column":4}},"149":{"start":{"line":283,"column":4},"end":{"line":286,"column":46}},"150":{"start":{"line":285,"column":35},"end":{"line":285,"column":68}},"151":{"start":{"line":287,"column":10},"end":{"line":292,"column":4}},"152":{"start":{"line":288,"column":4},"end":{"line":291,"column":46}},"153":{"start":{"line":294,"column":3},"end":{"line":294,"column":54}},"154":{"start":{"line":295,"column":3},"end":{"line":295,"column":9}}},"branchMap":{"1":{"line":23,"type":"binary-expr","locations":[{"start":{"line":23,"column":32},"end":{"line":23,"column":53}},{"start":{"line":23,"column":63},"end":{"line":23,"column":68}}]},"2":{"line":24,"type":"binary-expr","locations":[{"start":{"line":24,"column":32},"end":{"line":24,"column":64}},{"start":{"line":24,"column":69},"end":{"line":24,"column":85}}]},"3":{"line":25,"type":"binary-expr","locations":[{"start":{"line":25,"column":32},"end":{"line":25,"column":50}},{"start":{"line":25,"column":62},"end":{"line":25,"column":64}}]},"4":{"line":26,"type":"binary-expr","locations":[{"start":{"line":26,"column":32},"end":{"line":26,"column":50}},{"start":{"line":26,"column":62},"end":{"line":26,"column":64}}]},"5":{"line":27,"type":"binary-expr","locations":[{"start":{"line":27,"column":32},"end":{"line":27,"column":57}},{"start":{"line":27,"column":64},"end":{"line":27,"column":66}}]},"6":{"line":28,"type":"binary-expr","locations":[{"start":{"line":28,"column":32},"end":{"line":28,"column":49}},{"start":{"line":28,"column":61},"end":{"line":28,"column":69}}]},"7":{"line":30,"type":"binary-expr","locations":[{"start":{"line":30,"column":32},"end":{"line":30,"column":60}},{"start":{"line":30,"column":67},"end":{"line":30,"column":71}}]},"8":{"line":31,"type":"binary-expr","locations":[{"start":{"line":31,"column":26},"end":{"line":31,"column":50}},{"start":{"line":31,"column":58},"end":{"line":31,"column":62}}]},"9":{"line":39,"type":"if","locations":[{"start":{"line":39,"column":2},"end":{"line":39,"column":2}},{"start":{"line":39,"column":2},"end":{"line":39,"column":2}}]},"10":{"line":39,"type":"binary-expr","locations":[{"start":{"line":39,"column":6},"end":{"line":39,"column":21}},{"start":{"line":39,"column":25},"end":{"line":39,"column":57}}]},"11":{"line":43,"type":"if","locations":[{"start":{"line":43,"column":14},"end":{"line":43,"column":14}},{"start":{"line":43,"column":14},"end":{"line":43,"column":14}}]},"12":{"line":57,"type":"switch","locations":[{"start":{"line":58,"column":4},"end":{"line":63,"column":11}},{"start":{"line":64,"column":4},"end":{"line":69,"column":11}}]},"13":{"line":59,"type":"if","locations":[{"start":{"line":59,"column":5},"end":{"line":59,"column":5}},{"start":{"line":59,"column":5},"end":{"line":59,"column":5}}]},"14":{"line":65,"type":"if","locations":[{"start":{"line":65,"column":5},"end":{"line":65,"column":5}},{"start":{"line":65,"column":5},"end":{"line":65,"column":5}}]},"15":{"line":75,"type":"if","locations":[{"start":{"line":75,"column":1},"end":{"line":75,"column":1}},{"start":{"line":75,"column":1},"end":{"line":75,"column":1}}]},"16":{"line":75,"type":"binary-expr","locations":[{"start":{"line":75,"column":5},"end":{"line":75,"column":27}},{"start":{"line":75,"column":31},"end":{"line":75,"column":67}}]},"17":{"line":79,"type":"if","locations":[{"start":{"line":79,"column":14},"end":{"line":79,"column":14}},{"start":{"line":79,"column":14},"end":{"line":79,"column":14}}]},"18":{"line":91,"type":"if","locations":[{"start":{"line":91,"column":3},"end":{"line":91,"column":3}},{"start":{"line":91,"column":3},"end":{"line":91,"column":3}}]},"19":{"line":123,"type":"if","locations":[{"start":{"line":123,"column":2},"end":{"line":123,"column":2}},{"start":{"line":123,"column":2},"end":{"line":123,"column":2}}]},"20":{"line":123,"type":"binary-expr","locations":[{"start":{"line":123,"column":6},"end":{"line":123,"column":18}},{"start":{"line":123,"column":22},"end":{"line":123,"column":35}}]},"21":{"line":129,"type":"if","locations":[{"start":{"line":129,"column":2},"end":{"line":129,"column":2}},{"start":{"line":129,"column":2},"end":{"line":129,"column":2}}]},"22":{"line":140,"type":"if","locations":[{"start":{"line":140,"column":3},"end":{"line":140,"column":3}},{"start":{"line":140,"column":3},"end":{"line":140,"column":3}}]},"23":{"line":151,"type":"if","locations":[{"start":{"line":151,"column":1},"end":{"line":151,"column":1}},{"start":{"line":151,"column":1},"end":{"line":151,"column":1}}]},"24":{"line":161,"type":"if","locations":[{"start":{"line":161,"column":1},"end":{"line":161,"column":1}},{"start":{"line":161,"column":1},"end":{"line":161,"column":1}}]},"25":{"line":174,"type":"if","locations":[{"start":{"line":174,"column":2},"end":{"line":174,"column":2}},{"start":{"line":174,"column":2},"end":{"line":174,"column":2}}]},"26":{"line":183,"type":"if","locations":[{"start":{"line":183,"column":3},"end":{"line":183,"column":3}},{"start":{"line":183,"column":3},"end":{"line":183,"column":3}}]},"27":{"line":197,"type":"if","locations":[{"start":{"line":197,"column":2},"end":{"line":197,"column":2}},{"start":{"line":197,"column":2},"end":{"line":197,"column":2}}]},"28":{"line":208,"type":"if","locations":[{"start":{"line":208,"column":2},"end":{"line":208,"column":2}},{"start":{"line":208,"column":2},"end":{"line":208,"column":2}}]},"29":{"line":236,"type":"switch","locations":[{"start":{"line":237,"column":2},"end":{"line":258,"column":33}},{"start":{"line":259,"column":2},"end":{"line":295,"column":9}}]},"30":{"line":239,"type":"switch","locations":[{"start":{"line":241,"column":4},"end":{"line":246,"column":11}},{"start":{"line":247,"column":4},"end":{"line":252,"column":11}},{"start":{"line":253,"column":4},"end":{"line":257,"column":11}}]},"31":{"line":261,"type":"switch","locations":[{"start":{"line":263,"column":3},"end":{"line":268,"column":10}},{"start":{"line":269,"column":3},"end":{"line":274,"column":10}},{"start":{"line":275,"column":3},"end":{"line":279,"column":10}}]},"32":{"line":282,"type":"if","locations":[{"start":{"line":282,"column":3},"end":{"line":282,"column":3}},{"start":{"line":282,"column":3},"end":{"line":282,"column":3}}]},"33":{"line":287,"type":"if","locations":[{"start":{"line":287,"column":10},"end":{"line":287,"column":10}},{"start":{"line":287,"column":10},"end":{"line":287,"column":10}}]}},"code":["var Service, Characteristic;","var request = require(\"request\");","var pollingtoevent = require('polling-to-event');","","\tmodule.exports = function(homebridge){","\t\tService = homebridge.hap.Service;","\t\tCharacteristic = homebridge.hap.Characteristic;","\t\thomebridge.registerAccessory(\"homebridge-http\", \"Http\", HttpAccessory);","\t}","","","\tfunction HttpAccessory(log, config) {","\t\tthis.log = log;","","\t\t// url info","\t\tthis.on_url                 = config[\"on_url\"];","\t\tthis.on_body                = config[\"on_body\"];","\t\tthis.off_url                = config[\"off_url\"];","\t\tthis.off_body               = config[\"off_body\"];","\t\tthis.status_url             = config[\"status_url\"];","\t\tthis.brightness_url         = config[\"brightness_url\"];","\t\tthis.brightnesslvl_url      = config[\"brightnesslvl_url\"];","\t\tthis.http_method            = config[\"http_method\"] \t  \t \t|| \"GET\";;","\t\tthis.http_brightness_method = config[\"http_brightness_method\"]  || this.http_method;","\t\tthis.username               = config[\"username\"] \t  \t \t \t|| \"\";","\t\tthis.password               = config[\"password\"] \t  \t \t \t|| \"\";","\t\tthis.sendimmediately        = config[\"sendimmediately\"] \t \t|| \"\";","\t\tthis.service                = config[\"service\"] \t  \t \t \t|| \"Switch\";","\t\tthis.name                   = config[\"name\"];","\t\tthis.brightnessHandling     = config[\"brightnessHandling\"] \t \t|| \"no\";","\t\tthis.switchHandling \t\t= config[\"switchHandling\"] \t\t \t|| \"no\";","\t\t","\t\t//realtime polling info","\t\tthis.state = false;","\t\tthis.currentlevel = 0;","\t\tvar that = this;","\t\t","\t\t// Status Polling, if you want to add additional services that don't use switch handling you can add something like this || (this.service==\"Smoke\" || this.service==\"Motion\"))","\t\tif (this.status_url && this.switchHandling ==\"realtime\") {","\t\t\tvar powerurl = this.status_url;","\t\t\tvar statusemitter = pollingtoevent(function(done) {","\t        \tthat.httpRequest(powerurl, \"\", \"GET\", that.username, that.password, that.sendimmediately, function(error, response, body) {","            \t\tif (error) {","                \t\tthat.log('HTTP get power function failed: %s', error.message);","\t\t                callback(error);","            \t\t} else {               \t\t\t\t    ","\t\t\t\t\t\tdone(null, body);","            \t\t}","        \t\t})","\t\t\t}, {longpolling:true,interval:300,longpollEventName:\"statuspoll\"});","","\t\tstatusemitter.on(\"statuspoll\", function(data) {       ","        \tvar binaryState = parseInt(data);","\t    \tthat.state = binaryState > 0;","\t\t\tthat.log(that.service, \"received power\",that.status_url, \"state is currently\", binaryState); ","\t\t\t// switch used to easily add additonal services","\t\t\tswitch (that.service) {","\t\t\t\tcase \"Switch\":","\t\t\t\t\tif (that.switchService ) {","\t\t\t\t\t\tthat.switchService .getCharacteristic(Characteristic.On)","\t\t\t\t\t\t.setValue(that.state);","\t\t\t\t\t}","\t\t\t\t\tbreak;","\t\t\t\tcase \"Light\":","\t\t\t\t\tif (that.lightbulbService) {","\t\t\t\t\t\tthat.lightbulbService.getCharacteristic(Characteristic.On)","\t\t\t\t\t\t.setValue(that.state);","\t\t\t\t\t}\t\t","\t\t\t\t\tbreak;\t\t\t","\t\t\t\t}        ","\t\t});","","\t}","\t// Brightness Polling","\tif (this.brightnesslvl_url && this.brightnessHandling ==\"realtime\") {","\t\tvar brightnessurl = this.brightnesslvl_url;","\t\tvar levelemitter = pollingtoevent(function(done) {","\t        \tthat.httpRequest(brightnessurl, \"\", \"GET\", that.username, that.password, that.sendimmediately, function(error, response, responseBody) {","            \t\tif (error) {","                \t\t\tthat.log('HTTP get power function failed: %s', error.message);","\t\t\t\t\t\t\treturn;","            \t\t} else {               \t\t\t\t    ","\t\t\t\t\t\tdone(null, responseBody);","            \t\t}","        \t\t}) // set longer polling as slider takes longer to set value","    \t}, {longpolling:true,interval:2000,longpollEventName:\"levelpoll\"});","","\t\tlevelemitter.on(\"levelpoll\", function(data) {  ","\t\t\tthat.currentlevel = parseInt(data);","","\t\t\tif (that.lightbulbService) {\t\t\t\t","\t\t\t\tthat.log(that.service, \"received brightness\",that.brightnesslvl_url, \"level is currently\", that.currentlevel); \t\t        ","\t\t\t\tthat.lightbulbService.getCharacteristic(Characteristic.Brightness)","\t\t\t\t.setValue(that.currentlevel);","\t\t\t}        ","    \t});","\t}","\t}","","\tHttpAccessory.prototype = {","","\thttpRequest: function(url, body, method, username, password, sendimmediately, callback) {","\t\trequest({","\t\t\turl: url,","\t\t\tbody: body,","\t\t\tmethod: method,","\t\t\trejectUnauthorized: false,","\t\t\tauth: {","\t\t\t\tuser: username,","\t\t\t\tpass: password,","\t\t\t\tsendImmediately: sendimmediately","\t\t\t}","\t\t},","\t\tfunction(error, response, body) {","\t\t\tcallback(error, response, body)","\t\t})","\t},","","\tsetPowerState: function(powerOn, callback) {","\t\tvar url;","\t\tvar body;","\t\t","\t\tif (!this.on_url || !this.off_url) {","\t\t\t\tthis.log.warn(\"Ignoring request; No power url defined.\");","\t\t\t\tcallback(new Error(\"No power url defined.\"));","\t\t\t\treturn;","\t\t}","\t\t","\t\tif (powerOn) {","\t\t\turl = this.on_url;","\t\t\tbody = this.on_body;","\t\t\tthis.log(\"Setting power state to on\");","\t\t} else {","\t\t\turl = this.off_url;","\t\t\tbody = this.off_body;","\t\t\tthis.log(\"Setting power state to off\");","\t\t}","\t\t","\t\tthis.httpRequest(url, body, this.http_method, this.username, this.password, this.sendimmediately, function(error, response, responseBody) {","\t\t\tif (error) {","\t\t\tthis.log('HTTP set power function failed: %s', error.message);","\t\t\tcallback(error);","\t\t\t} else {","\t\t\tthis.log('HTTP set power function succeeded!');","\t\t\tcallback();","\t\t\t}","\t\t}.bind(this));","\t},","  ","  getPowerState: function(callback) {","\tif (!this.status_url) {","\t\tthis.log.warn(\"Ignoring request; No status url defined.\");","\t\tcallback(new Error(\"No status url defined.\"));","\t\treturn;","\t}","\t","\tvar url = this.status_url;","\tthis.log(\"Getting power state\");","\t","\tthis.httpRequest(url, \"\", \"GET\", this.username, this.password, this.sendimmediately, function(error, response, responseBody) {","\tif (error) {","\t\tthis.log('HTTP get power function failed: %s', error.message);","\t\tcallback(error);","\t} else {","\t\tvar binaryState = parseInt(responseBody);","\t\tvar powerOn = binaryState > 0;","\t\tthis.log(\"Power state is currently %s\", binaryState);","\t\tcallback(null, powerOn);","\t}","\t}.bind(this));","  },","","\tgetBrightness: function(callback) {","\t\tif (!this.brightnesslvl_url) {","\t\t\tthis.log.warn(\"Ignoring request; No brightness level url defined.\");","\t\t\tcallback(new Error(\"No brightness level url defined.\"));","\t\t\treturn;","\t\t}\t\t","\t\t\tvar url = this.brightnesslvl_url;","\t\t\tthis.log(\"Getting Brightness level\");","\t","\t\t\tthis.httpRequest(url, \"\", \"GET\", this.username, this.password, this.sendimmediately, function(error, response, responseBody) {","\t\t\tif (error) {","\t\t\t\tthis.log('HTTP get brightness function failed: %s', error.message);","\t\t\t\tcallback(error);","\t\t\t} else {\t\t\t","\t\t\t\tvar binaryState = parseInt(responseBody);","\t\t\t\tvar level = binaryState;","\t\t\t\tthis.log(\"brightness state is currently %s\", binaryState);","\t\t\t\tcallback(null, level);","\t\t\t}","\t\t\t}.bind(this));","\t  },","","\tsetBrightness: function(level, callback) {","\t\t","\t\tif (!this.brightness_url) {","\t\t\tthis.log.warn(\"Ignoring request; No brightness url defined.\");","\t\t\tcallback(new Error(\"No brightness url defined.\"));","\t\t\treturn;","\t\t}    ","\t","\t\tvar url = this.brightness_url.replace(\"%b\", level)","\t","\t\tthis.log(\"Setting brightness to %s\", level);","\t","\t\tthis.httpRequest(url, \"\", this.http_brightness_method, this.username, this.password, this.sendimmediately, function(error, response, body) {","\t\tif (error) {","\t\t\tthis.log('HTTP brightness function failed: %s', error);","\t\t\tcallback(error);","\t\t} else {","\t\t\tthis.log('HTTP brightness function succeeded!');","\t\t\tcallback();","\t\t}","\t\t}.bind(this));","\t},","","\tidentify: function(callback) {","\t\tthis.log(\"Identify requested!\");","\t\tcallback(); // success","\t},","","\tgetServices: function() {","\t\t","\t\tvar that = this;","\t\t","\t\t// you can OPTIONALLY create an information service if you wish to override","\t\t// the default values for things like serial number, model, etc.","\t\tvar informationService = new Service.AccessoryInformation();","\t","\t\tinformationService","\t\t.setCharacteristic(Characteristic.Manufacturer, \"HTTP Manufacturer\")","\t\t.setCharacteristic(Characteristic.Model, \"HTTP Model\")","\t\t.setCharacteristic(Characteristic.SerialNumber, \"HTTP Serial Number\");","\t","\t\tswitch (this.service) {","\t\tcase \"Switch\": ","\t\t\tthis.switchService = new Service.Switch(this.name);","\t\t\tswitch (this.switchHandling) {\t","\t\t\t\t//Power Polling\t\t\t","\t\t\t\tcase \"yes\":\t\t\t\t\t","\t\t\t\t\tthis.switchService","\t\t\t\t\t.getCharacteristic(Characteristic.On)","\t\t\t\t\t.on('get', this.getPowerState.bind(this))","\t\t\t\t\t.on('set', this.setPowerState.bind(this));\t\t\t\t\t\t","\t\t\t\t\tbreak;","\t\t\t\tcase \"realtime\":\t\t\t\t","\t\t\t\t\tthis.switchService","\t\t\t\t\t.getCharacteristic(Characteristic.On)","\t\t\t\t\t.on('get', function(callback) {callback(null, that.state)})","\t\t\t\t\t.on('set', this.setPowerState.bind(this));","\t\t\t\t\tbreak;","\t\t\t\tdefault\t:\t","\t\t\t\t\tthis.switchService","\t\t\t\t\t.getCharacteristic(Characteristic.On)\t","\t\t\t\t\t.on('set', this.setPowerState.bind(this));\t\t\t\t\t","\t\t\t\t\tbreak;}","\t\t\t\t\treturn [this.switchService];","\t\tcase \"Light\":\t","\t\t\tthis.lightbulbService = new Service.Lightbulb(this.name);\t\t\t","\t\t\tswitch (this.switchHandling) {","\t\t\t//Power Polling","\t\t\tcase \"yes\" :","\t\t\t\tthis.lightbulbService","\t\t\t\t.getCharacteristic(Characteristic.On)","\t\t\t\t.on('get', this.getPowerState.bind(this))","\t\t\t\t.on('set', this.setPowerState.bind(this));","\t\t\t\tbreak;","\t\t\tcase \"realtime\":","\t\t\t\tthis.lightbulbService","\t\t\t\t.getCharacteristic(Characteristic.On)","\t\t\t\t.on('get', function(callback) {callback(null, that.state)})","\t\t\t\t.on('set', this.setPowerState.bind(this));","\t\t\t\tbreak;","\t\t\tdefault:\t\t","\t\t\t\tthis.lightbulbService","\t\t\t\t.getCharacteristic(Characteristic.On)\t","\t\t\t\t.on('set', this.setPowerState.bind(this));","\t\t\t\tbreak;","\t\t\t}","\t\t\t// Brightness Polling ","\t\t\tif (this.brightnessHandling == \"realtime\") {","\t\t\t\tthis.lightbulbService ","\t\t\t\t.addCharacteristic(new Characteristic.Brightness())","\t\t\t\t.on('get', function(callback) {callback(null, that.currentlevel)})","\t\t\t\t.on('set', this.setBrightness.bind(this));","\t\t\t} else if (this.brightnessHandling == \"yes\") {","\t\t\t\tthis.lightbulbService","\t\t\t\t.addCharacteristic(new Characteristic.Brightness())","\t\t\t\t.on('get', this.getBrightness.bind(this))","\t\t\t\t.on('set', this.setBrightness.bind(this));\t\t\t\t\t\t\t","\t\t\t}","\t","\t\t\treturn [informationService, this.lightbulbService];","\t\t\tbreak;\t\t","\t\t}","\t}","};"],"l":{"1":1,"2":1,"3":1,"5":1,"6":0,"7":0,"8":0,"12":1,"13":0,"16":0,"17":0,"18":0,"19":0,"20":0,"21":0,"22":0,"23":0,"24":0,"25":0,"26":0,"27":0,"28":0,"29":0,"30":0,"31":0,"34":0,"35":0,"36":0,"39":0,"40":0,"41":0,"42":0,"43":0,"44":0,"45":0,"47":0,"52":0,"53":0,"54":0,"55":0,"57":0,"59":0,"60":0,"63":0,"65":0,"66":0,"69":0,"75":0,"76":0,"77":0,"78":0,"79":0,"80":0,"81":0,"83":0,"88":0,"89":0,"91":0,"92":0,"93":0,"100":1,"103":0,"115":0,"120":0,"121":0,"123":0,"124":0,"125":0,"126":0,"129":0,"130":0,"131":0,"132":0,"134":0,"135":0,"136":0,"139":0,"140":0,"141":0,"142":0,"144":0,"145":0,"151":0,"152":0,"153":0,"154":0,"157":0,"158":0,"160":0,"161":0,"162":0,"163":0,"165":0,"166":0,"167":0,"168":0,"174":0,"175":0,"176":0,"177":0,"179":0,"180":0,"182":0,"183":0,"184":0,"185":0,"187":0,"188":0,"189":0,"190":0,"197":0,"198":0,"199":0,"200":0,"203":0,"205":0,"207":0,"208":0,"209":0,"210":0,"212":0,"213":0,"219":0,"220":0,"225":0,"229":0,"231":0,"236":0,"238":0,"239":0,"242":0,"246":0,"248":0,"250":0,"252":0,"254":0,"257":0,"258":0,"260":0,"261":0,"264":0,"268":0,"270":0,"272":0,"274":0,"276":0,"279":0,"282":0,"283":0,"285":0,"287":0,"288":0,"294":0,"295":0}}}